
=== Society: ER_society ===

[Seed 1] Sampling data

========================================
Running MCQ Evaluation (Autonomous Loop)
Society: ER_society
Model: gpt-4.1-nano
Seed: 1
Num questions: 5
========================================

[Q 1/5] ID=34116017-1171-4fc1-a78a-36bdac0de233
[SYSTEM] Free-Talk Mode Activated


[SYSTEM] ROUND 1

[ER_NURSE]: Let's analyze each option carefully. Starting with option A: "Use of GnRH analogues cause permanent reduction in size." From what I know, GnRH analogues do cause significant shrinking of fibroids, but this effect is usually temporary. Once the medication is stopped, fibroid size can rebound, so the reduction isn't necessarily permanent. Therefore, A seems questionable.

Moving to B: "Pregnancy following myomectomy is about 80%." That seems somewhat high but plausible, especially for women who were counseled appropriately and had a successful procedure. It's generally considered that myomectomy improves pregnancy chances, although the exact percentage can vary.

C: "Recurrence rate following myomectomy is about 20%." That aligns with my understanding. Fibroids can recur in a sizable fraction of women, but 20% seems a reasonable estimate within a certain follow-up period.

D: "Growth factors (IGF-L, EGF) stimulate myoma to grow." Yes, growth factors like IGF and EGF are known to promote cellular proliferation, including in fibroids, so this is true.

Given this, it looks like options C and D are accurate. But the question is about "concerning fibroids" generally—most statements are about management or natural history. The statement about GnRH analogues causing permanent reduction (A) is false because the effect isn't permanent.

Should we select option C, as it correctly states recurrence rate? Or perhaps D, which is about the biological aspect?

I think D is factually correct regarding growth factors. A is incorrect because the reduction isn't permanent. B might be slightly over-optimistic but could be acceptable. C seems like a generally accepted statistic.

What do you think?

[SYSTEM] ROUND 2

[CONSULT_SURGEON]: Let's break this down systematically. Option A states that GnRH analogues cause a permanent reduction in fibroid size, but we know that these medications induce temporary shrinkage primarily through hypoestrogenic effects. Once discontinued, fibroids frequently regrow. So, A is definitely incorrect.

Moving to B: stating pregnancy rates post-myomectomy are about 80%. That seems somewhat optimistic but within a plausible range depending on patient selection and fibroid characteristics. While it's encouraging, the actual fertility improvement can vary, but 80% is a reasonable figure cited in some studies.

Option C mentions a 20% recurrence rate following myomectomy. Literature suggests recurrence rates can vary widely but often hover around 15-25% within a few years, making 20% a reasonable estimate. This sounds accurate.

Option D notes that growth factors like IGF-L and EGF stimulate fibroid growth, which aligns well with our understanding of fibroid biology—these growth factors promote cellular proliferation.

Given all that, the most accurate statement in the context of fibroid natural history and management seems to be Option C—the recurrence rate after myomectomy. It is an important clinical consideration when counseling patients.

Therefore, my conclusion is that the correct answer is C.

[SYSTEM] ROUND 3

[ER_PHYSICIAN]: Considering all the points discussed, I agree that option C reflects a well-supported statistic regarding fibroids, especially in terms of post-surgical management and patient counseling. It’s a key figure for understanding the likelihood of recurrence after myomectomy. While options B and D are also correct in certain contexts, C is the most precise and universally accepted estimate among the choices. So, I would concur that the correct answer is C.

[SYSTEM] ROUND 4

[ER_TECH]: Based on that consensus, it seems like we're all leaning towards option C as the most accurate answer. The recurrence rate around 20% post-myomectomy is something we often cite in clinical practice and literature. The other options, particularly A, are less accurate due to the temporary nature of GnRH analogues' effects. B, while plausible, can vary depending on multiple factors, but the 80% figure might be a bit optimistic for overall pregnancy rates. D is biomechanically correct, but since the question seems to focus on what is *about* fibroids—possibly their natural course or management—the recurrence statistic (C) stands out as a key point.

[SYSTEM] ROUND 5

[ER_PHYSICIAN]: I agree with that assessment. The recurrence rate of around 20% after myomectomy is well-supported and is a critical piece of information for both clinicians and patients when considering surgical management. While other options like B and D are also correct statements, they pertain more to specific contexts—fertility outcomes and pathophysiology respectively. Since the question appears to be about general concerns related to fibroids, option C encapsulates an important, widely recognized statistic that directly impacts treatment planning and counseling. Therefore, I reinforce that the correct answer is C.
[SYSTEM] Max rounds reached — ending free-talk.
Predicted: A | Gold: D | Correct: False
[SYSTEM] Conversation saved to: results/mcq/ER_society/gpt-4.1-nano/seed_1/34116017-1171-4fc1-a78a-36bdac0de233.txt

[Q 2/5] ID=0a95ea3c-fa96-4a24-b0d9-6f542b6c20b1
[SYSTEM] Free-Talk Mode Activated


[SYSTEM] ROUND 1

[EMT]: Based on the options, I recall that cholera severity classifications are often based on stool output. Mild cases typically have lower stool volumes, while more severe cases have higher outputs. The term "magna" suggests something large or "great," so I think cholera magna refers to a high volume of stool output.

Looking at the options, cholera "mitis" and "dumdum" aren't commonly used in the standard classifications. "Gravis" means severe or grave, which could fit for high output as well.

But the question specifies 1000-1500 mL/day—does that align with "magna" as a classification for high output? I believe so. The terms "magna" and "gravis" are used to denote severity, but I seem to remember that "Cholera magna" refers to the most severe form, characterized by large stool output.

So, my inclination is that option C, Cholera magna, is the term used for stool output of 1000-1500 mL/day.

What do you think? Do any of the other options seem plausible?

[SYSTEM] ROUND 2

[EMT]: I agree, the key here is the stool output volume. In choleral severity classification, "magna" means large or great, which fits for patients producing around 1000-1500 mL/day. The term "gravis" indicates severe or very severe disease, but I think "magna" specifically refers to the high stool volume category. The other options, "mitis" and "dumdum," are not standard terms in this context. So, it seems that "Cholera magna" is the best fit for this stool output.

[SYSTEM] ROUND 3

[EMT]: Yes, that makes sense. The classification of cholera severity often ties directly to stool output volume, and "magna" clearly indicates a large amount. Since 1000-1500 mL/day is quite significant, "Cholera magna" seems the most appropriate term for this level of output. The other options don't align as well with the standard terminology in cholera severity classification. So, I’d agree that the correct answer is C.

[SYSTEM] ROUND 4

Traceback (most recent call last):
  File "/Library/Frameworks/Python.framework/Versions/3.12/lib/python3.12/asyncio/runners.py", line 118, in run
    return self._loop.run_until_complete(task)
           ^^^^^^^^^^^^^^^^^^^^^^^^^^^^^^^^^^^
  File "/Library/Frameworks/Python.framework/Versions/3.12/lib/python3.12/asyncio/base_events.py", line 684, in run_until_complete
    return future.result()
           ^^^^^^^^^^^^^^^
  File "/Users/prishapriyadashini/Downloads/Algoverse---Synthetic-Society/Synthetic Societies/mcq_eval.py", line 69, in run_mcq_eval
    convo = await autonomous_loop(
            ^^^^^^^^^^^^^^^^^^^^^^
  File "/Users/prishapriyadashini/Downloads/Algoverse---Synthetic-Society/Synthetic Societies/run.py", line 50, in autonomous_loop
    response = await run_agent(speaker, prompt)
               ^^^^^^^^^^^^^^^^^^^^^^^^^^^^^^^^
  File "/Users/prishapriyadashini/Downloads/Algoverse---Synthetic-Society/Synthetic Societies/run.py", line 10, in run_agent
    async for event in agent.run_stream(task=message):
  File "/Library/Frameworks/Python.framework/Versions/3.12/lib/python3.12/site-packages/autogen_agentchat/agents/_base_chat_agent.py", line 202, in run_stream
    async for message in self.on_messages_stream(input_messages, cancellation_token):
  File "/Library/Frameworks/Python.framework/Versions/3.12/lib/python3.12/site-packages/autogen_agentchat/agents/_assistant_agent.py", line 953, in on_messages_stream
    async for inference_output in self._call_llm(
  File "/Library/Frameworks/Python.framework/Versions/3.12/lib/python3.12/site-packages/autogen_agentchat/agents/_assistant_agent.py", line 1107, in _call_llm
    model_result = await model_client.create(
                   ^^^^^^^^^^^^^^^^^^^^^^^^^^
  File "/Library/Frameworks/Python.framework/Versions/3.12/lib/python3.12/site-packages/autogen_ext/models/openai/_openai_client.py", line 676, in create
    result: Union[ParsedChatCompletion[BaseModel], ChatCompletion] = await future
                                                                     ^^^^^^^^^^^^
  File "/Library/Frameworks/Python.framework/Versions/3.12/lib/python3.12/site-packages/openai/resources/chat/completions/completions.py", line 2603, in create
    return await self._post(
           ^^^^^^^^^^^^^^^^^
  File "/Library/Frameworks/Python.framework/Versions/3.12/lib/python3.12/site-packages/openai/_base_client.py", line 1794, in post
    return await self.request(cast_to, opts, stream=stream, stream_cls=stream_cls)
           ^^^^^^^^^^^^^^^^^^^^^^^^^^^^^^^^^^^^^^^^^^^^^^^^^^^^^^^^^^^^^^^^^^^^^^^
  File "/Library/Frameworks/Python.framework/Versions/3.12/lib/python3.12/site-packages/openai/_base_client.py", line 1529, in request
    response = await self._client.send(
               ^^^^^^^^^^^^^^^^^^^^^^^^
  File "/Library/Frameworks/Python.framework/Versions/3.12/lib/python3.12/site-packages/httpx/_client.py", line 1629, in send
    response = await self._send_handling_auth(
               ^^^^^^^^^^^^^^^^^^^^^^^^^^^^^^^
  File "/Library/Frameworks/Python.framework/Versions/3.12/lib/python3.12/site-packages/httpx/_client.py", line 1657, in _send_handling_auth
    response = await self._send_handling_redirects(
               ^^^^^^^^^^^^^^^^^^^^^^^^^^^^^^^^^^^^
  File "/Library/Frameworks/Python.framework/Versions/3.12/lib/python3.12/site-packages/httpx/_client.py", line 1694, in _send_handling_redirects
    response = await self._send_single_request(request)
               ^^^^^^^^^^^^^^^^^^^^^^^^^^^^^^^^^^^^^^^^
  File "/Library/Frameworks/Python.framework/Versions/3.12/lib/python3.12/site-packages/httpx/_client.py", line 1730, in _send_single_request
    response = await transport.handle_async_request(request)
               ^^^^^^^^^^^^^^^^^^^^^^^^^^^^^^^^^^^^^^^^^^^^^
  File "/Library/Frameworks/Python.framework/Versions/3.12/lib/python3.12/site-packages/httpx/_transports/default.py", line 394, in handle_async_request
    resp = await self._pool.handle_async_request(req)
           ^^^^^^^^^^^^^^^^^^^^^^^^^^^^^^^^^^^^^^^^^^
  File "/Library/Frameworks/Python.framework/Versions/3.12/lib/python3.12/site-packages/httpcore/_async/connection_pool.py", line 256, in handle_async_request
    raise exc from None
  File "/Library/Frameworks/Python.framework/Versions/3.12/lib/python3.12/site-packages/httpcore/_async/connection_pool.py", line 236, in handle_async_request
    response = await connection.handle_async_request(
               ^^^^^^^^^^^^^^^^^^^^^^^^^^^^^^^^^^^^^^
  File "/Library/Frameworks/Python.framework/Versions/3.12/lib/python3.12/site-packages/httpcore/_async/connection.py", line 103, in handle_async_request
    return await self._connection.handle_async_request(request)
           ^^^^^^^^^^^^^^^^^^^^^^^^^^^^^^^^^^^^^^^^^^^^^^^^^^^^
  File "/Library/Frameworks/Python.framework/Versions/3.12/lib/python3.12/site-packages/httpcore/_async/http11.py", line 136, in handle_async_request
    raise exc
  File "/Library/Frameworks/Python.framework/Versions/3.12/lib/python3.12/site-packages/httpcore/_async/http11.py", line 106, in handle_async_request
    ) = await self._receive_response_headers(**kwargs)
        ^^^^^^^^^^^^^^^^^^^^^^^^^^^^^^^^^^^^^^^^^^^^^^
  File "/Library/Frameworks/Python.framework/Versions/3.12/lib/python3.12/site-packages/httpcore/_async/http11.py", line 177, in _receive_response_headers
    event = await self._receive_event(timeout=timeout)
            ^^^^^^^^^^^^^^^^^^^^^^^^^^^^^^^^^^^^^^^^^^
  File "/Library/Frameworks/Python.framework/Versions/3.12/lib/python3.12/site-packages/httpcore/_async/http11.py", line 217, in _receive_event
    data = await self._network_stream.read(
           ^^^^^^^^^^^^^^^^^^^^^^^^^^^^^^^^
  File "/Library/Frameworks/Python.framework/Versions/3.12/lib/python3.12/site-packages/httpcore/_backends/anyio.py", line 35, in read
    return await self._stream.receive(max_bytes=max_bytes)
           ^^^^^^^^^^^^^^^^^^^^^^^^^^^^^^^^^^^^^^^^^^^^^^^
  File "/Library/Frameworks/Python.framework/Versions/3.12/lib/python3.12/site-packages/anyio/streams/tls.py", line 204, in receive
    data = await self._call_sslobject_method(self._ssl_object.read, max_bytes)
           ^^^^^^^^^^^^^^^^^^^^^^^^^^^^^^^^^^^^^^^^^^^^^^^^^^^^^^^^^^^^^^^^^^^
  File "/Library/Frameworks/Python.framework/Versions/3.12/lib/python3.12/site-packages/anyio/streams/tls.py", line 147, in _call_sslobject_method
    data = await self.transport_stream.receive()
           ^^^^^^^^^^^^^^^^^^^^^^^^^^^^^^^^^^^^^
  File "/Library/Frameworks/Python.framework/Versions/3.12/lib/python3.12/site-packages/anyio/_backends/_asyncio.py", line 1246, in receive
    await self._protocol.read_event.wait()
  File "/Library/Frameworks/Python.framework/Versions/3.12/lib/python3.12/asyncio/locks.py", line 212, in wait
    await fut
asyncio.exceptions.CancelledError

During handling of the above exception, another exception occurred:

Traceback (most recent call last):
  File "/Users/prishapriyadashini/Downloads/Algoverse---Synthetic-Society/Synthetic Societies/mcq_batch.py", line 70, in <module>
    main()
  File "/Users/prishapriyadashini/Downloads/Algoverse---Synthetic-Society/Synthetic Societies/mcq_batch.py", line 47, in main
    acc = asyncio.run(
          ^^^^^^^^^^^^
  File "/Library/Frameworks/Python.framework/Versions/3.12/lib/python3.12/asyncio/runners.py", line 194, in run
    return runner.run(main)
           ^^^^^^^^^^^^^^^^
  File "/Library/Frameworks/Python.framework/Versions/3.12/lib/python3.12/asyncio/runners.py", line 123, in run
    raise KeyboardInterrupt()
KeyboardInterrupt
